[debug] [2017-10-10T00:50:12.946Z] ----------------------------------------------------------------------
[debug] [2017-10-10T00:50:12.950Z] Command:       /usr/local/bin/node /usr/local/bin/firebase serve
[debug] [2017-10-10T00:50:12.950Z] CLI Version:   3.13.1
[debug] [2017-10-10T00:50:12.950Z] Platform:      darwin
[debug] [2017-10-10T00:50:12.950Z] Node Version:  v6.11.3
[debug] [2017-10-10T00:50:12.951Z] Time:          Mon Oct 09 2017 20:50:12 GMT-0400 (EDT)
[debug] [2017-10-10T00:50:12.951Z] ----------------------------------------------------------------------
[debug] 
[debug] [2017-10-10T00:50:12.968Z] > command requires scopes: ["email","openid","https://www.googleapis.com/auth/cloudplatformprojects.readonly","https://www.googleapis.com/auth/firebase","https://www.googleapis.com/auth/cloud-platform"]
[debug] [2017-10-10T00:50:12.969Z] > authorizing via signed-in user
[debug] [2017-10-10T00:50:12.971Z] >>> HTTP REQUEST GET https://admin.firebase.com/v1/projects/personal-homepage-for-yize-liu  
 Mon Oct 09 2017 20:50:12 GMT-0400 (EDT)
[debug] [2017-10-10T00:50:13.501Z] <<< HTTP RESPONSE 200
[debug] [2017-10-10T00:50:13.502Z] >>> HTTP REQUEST GET https://admin.firebase.com/v1/database/personal-homepage-for-yize-liu/tokens  
 Mon Oct 09 2017 20:50:13 GMT-0400 (EDT)
[debug] [2017-10-10T00:50:14.016Z] <<< HTTP RESPONSE 200
[info] 
[info] === Serving from '/Users/yizeliu/Desktop/Resume YizeLiu'...
[info] 
[debug] [2017-10-10T00:50:14.021Z] >>> HTTP REQUEST GET https://cloudresourcemanager.googleapis.com/v1/projects/personal-homepage-for-yize-liu  
 Mon Oct 09 2017 20:50:14 GMT-0400 (EDT)
[debug] [2017-10-10T00:50:14.293Z] <<< HTTP RESPONSE 200
[debug] [2017-10-10T00:50:14.293Z] >>> HTTP REQUEST GET https://mobilesdk-pa.googleapis.com/v1/projects/443673241679/clients/_:getWebAppConfig  
 Mon Oct 09 2017 20:50:14 GMT-0400 (EDT)
[debug] [2017-10-10T00:50:14.745Z] <<< HTTP RESPONSE 200
[info] i  hosting: Serving hosting files from: ./
[info] ✔  hosting: Local server: http://localhost:5000

