[debug] [2017-10-05T21:20:38.339Z] ----------------------------------------------------------------------
[debug] [2017-10-05T21:20:38.342Z] Command:       /usr/local/bin/node /usr/local/bin/firebase deploy
[debug] [2017-10-05T21:20:38.343Z] CLI Version:   3.12.0
[debug] [2017-10-05T21:20:38.343Z] Platform:      darwin
[debug] [2017-10-05T21:20:38.343Z] Node Version:  v6.11.3
[debug] [2017-10-05T21:20:38.343Z] Time:          Thu Oct 05 2017 17:20:38 GMT-0400 (EDT)
[debug] [2017-10-05T21:20:38.344Z] ----------------------------------------------------------------------
[debug] 
[debug] [2017-10-05T21:20:38.358Z] > command requires scopes: ["email","openid","https://www.googleapis.com/auth/cloudplatformprojects.readonly","https://www.googleapis.com/auth/firebase","https://www.googleapis.com/auth/cloud-platform"]
[debug] [2017-10-05T21:20:38.358Z] > authorizing via signed-in user
[debug] [2017-10-05T21:20:38.360Z] >>> HTTP REQUEST GET https://admin.firebase.com/v1/projects/personal-homepage-for-yize-liu  
 Thu Oct 05 2017 17:20:38 GMT-0400 (EDT)
[debug] [2017-10-05T21:20:38.879Z] <<< HTTP RESPONSE 200
[debug] [2017-10-05T21:20:38.881Z] >>> HTTP REQUEST GET https://admin.firebase.com/v1/database/personal-homepage-for-yize-liu/tokens  
 Thu Oct 05 2017 17:20:38 GMT-0400 (EDT)
[debug] [2017-10-05T21:20:39.242Z] <<< HTTP RESPONSE 200
[info] 
[info] === Deploying to 'personal-homepage-for-yize-liu'...
[info] 
[info] i  deploying database, storage, hosting
[info] ✔  database: rules ready to deploy.
[debug] [2017-10-05T21:20:39.991Z] Error: ENOENT: no such file or directory, open '/Users/yizeliu/Desktop/cover/storage.rules'
    at Error (native)
    at Object.fs.openSync (fs.js:642:18)
    at Object.fs.readFileSync (fs.js:510:33)
    at module.exports (/usr/local/lib/node_modules/firebase-tools/lib/deploy/storage/prepare.js:13:18)
    at _chain (/usr/local/lib/node_modules/firebase-tools/lib/deploy/index.js:21:45)
    at /usr/local/lib/node_modules/firebase-tools/lib/deploy/index.js:24:14
    at tryCatch (/usr/local/lib/node_modules/firebase-tools/node_modules/rsvp/dist/rsvp.js:525:12)
    at invokeCallback (/usr/local/lib/node_modules/firebase-tools/node_modules/rsvp/dist/rsvp.js:538:13)
    at /usr/local/lib/node_modules/firebase-tools/node_modules/rsvp/dist/rsvp.js:606:14
    at flush (/usr/local/lib/node_modules/firebase-tools/node_modules/rsvp/dist/rsvp.js:2415:5)
[error] 
[error] Error: An unexpected error has occurred.
